Determining if the pthread_create exist failed with the following output:
Change Dir: /home/xiaojian/test/velodyne_driver/release/CMakeFiles/CMakeTmp

Run Build Command:"/usr/bin/make" "cmTC_c10c3/fast"
/usr/bin/make -f CMakeFiles/cmTC_c10c3.dir/build.make CMakeFiles/cmTC_c10c3.dir/build
make[1]: Entering directory '/home/xiaojian/test/velodyne_driver/release/CMakeFiles/CMakeTmp'
Building C object CMakeFiles/cmTC_c10c3.dir/CheckSymbolExists.c.o
/usr/bin/cc    -o CMakeFiles/cmTC_c10c3.dir/CheckSymbolExists.c.o   -c /home/xiaojian/test/velodyne_driver/release/CMakeFiles/CMakeTmp/CheckSymbolExists.c
Linking C executable cmTC_c10c3
/usr/local/bin/cmake -E cmake_link_script CMakeFiles/cmTC_c10c3.dir/link.txt --verbose=1
/usr/bin/cc      -rdynamic CMakeFiles/cmTC_c10c3.dir/CheckSymbolExists.c.o  -o cmTC_c10c3 
CMakeFiles/cmTC_c10c3.dir/CheckSymbolExists.c.o: In function `main':
CheckSymbolExists.c:(.text+0x16): undefined reference to `pthread_create'
collect2: error: ld returned 1 exit status
CMakeFiles/cmTC_c10c3.dir/build.make:97: recipe for target 'cmTC_c10c3' failed
make[1]: *** [cmTC_c10c3] Error 1
make[1]: Leaving directory '/home/xiaojian/test/velodyne_driver/release/CMakeFiles/CMakeTmp'
Makefile:126: recipe for target 'cmTC_c10c3/fast' failed
make: *** [cmTC_c10c3/fast] Error 2

File /home/xiaojian/test/velodyne_driver/release/CMakeFiles/CMakeTmp/CheckSymbolExists.c:
/* */
#include <pthread.h>

int main(int argc, char** argv)
{
  (void)argv;
#ifndef pthread_create
  return ((int*)(&pthread_create))[argc];
#else
  (void)argc;
  return 0;
#endif
}

Determining if the function pthread_create exists in the pthreads failed with the following output:
Change Dir: /home/xiaojian/test/velodyne_driver/release/CMakeFiles/CMakeTmp

Run Build Command:"/usr/bin/make" "cmTC_55015/fast"
/usr/bin/make -f CMakeFiles/cmTC_55015.dir/build.make CMakeFiles/cmTC_55015.dir/build
make[1]: Entering directory '/home/xiaojian/test/velodyne_driver/release/CMakeFiles/CMakeTmp'
Building C object CMakeFiles/cmTC_55015.dir/CheckFunctionExists.c.o
/usr/bin/cc   -DCHECK_FUNCTION_EXISTS=pthread_create   -o CMakeFiles/cmTC_55015.dir/CheckFunctionExists.c.o   -c /usr/local/share/cmake-3.9/Modules/CheckFunctionExists.c
Linking C executable cmTC_55015
/usr/local/bin/cmake -E cmake_link_script CMakeFiles/cmTC_55015.dir/link.txt --verbose=1
/usr/bin/cc  -DCHECK_FUNCTION_EXISTS=pthread_create    -rdynamic CMakeFiles/cmTC_55015.dir/CheckFunctionExists.c.o  -o cmTC_55015 -lpthreads 
/usr/bin/ld: cannot find -lpthreads
collect2: error: ld returned 1 exit status
CMakeFiles/cmTC_55015.dir/build.make:97: recipe for target 'cmTC_55015' failed
make[1]: *** [cmTC_55015] Error 1
make[1]: Leaving directory '/home/xiaojian/test/velodyne_driver/release/CMakeFiles/CMakeTmp'
Makefile:126: recipe for target 'cmTC_55015/fast' failed
make: *** [cmTC_55015/fast] Error 2


