Determining if the pthread_create exist failed with the following output:
Change Dir: /home/xiaojian/test/velodyne_driver/cmake-build-debug/CMakeFiles/CMakeTmp

Run Build Command:"/usr/bin/make" "cmTC_a50fe/fast"
/usr/bin/make -f CMakeFiles/cmTC_a50fe.dir/build.make CMakeFiles/cmTC_a50fe.dir/build
make[1]: Entering directory '/home/xiaojian/test/velodyne_driver/cmake-build-debug/CMakeFiles/CMakeTmp'
Building C object CMakeFiles/cmTC_a50fe.dir/CheckSymbolExists.c.o
/usr/bin/cc    -o CMakeFiles/cmTC_a50fe.dir/CheckSymbolExists.c.o   -c /home/xiaojian/test/velodyne_driver/cmake-build-debug/CMakeFiles/CMakeTmp/CheckSymbolExists.c
Linking C executable cmTC_a50fe
/home/xiaojian/tools/clion-2017.2.3/bin/cmake/bin/cmake -E cmake_link_script CMakeFiles/cmTC_a50fe.dir/link.txt --verbose=1
/usr/bin/cc      -rdynamic CMakeFiles/cmTC_a50fe.dir/CheckSymbolExists.c.o  -o cmTC_a50fe 
CMakeFiles/cmTC_a50fe.dir/CheckSymbolExists.c.o: In function `main':
CheckSymbolExists.c:(.text+0x16): undefined reference to `pthread_create'
collect2: error: ld returned 1 exit status
CMakeFiles/cmTC_a50fe.dir/build.make:97: recipe for target 'cmTC_a50fe' failed
make[1]: *** [cmTC_a50fe] Error 1
make[1]: Leaving directory '/home/xiaojian/test/velodyne_driver/cmake-build-debug/CMakeFiles/CMakeTmp'
Makefile:126: recipe for target 'cmTC_a50fe/fast' failed
make: *** [cmTC_a50fe/fast] Error 2

File /home/xiaojian/test/velodyne_driver/cmake-build-debug/CMakeFiles/CMakeTmp/CheckSymbolExists.c:
/* */
#include <pthread.h>

int main(int argc, char** argv)
{
  (void)argv;
#ifndef pthread_create
  return ((int*)(&pthread_create))[argc];
#else
  (void)argc;
  return 0;
#endif
}

Determining if the function pthread_create exists in the pthreads failed with the following output:
Change Dir: /home/xiaojian/test/velodyne_driver/cmake-build-debug/CMakeFiles/CMakeTmp

Run Build Command:"/usr/bin/make" "cmTC_d1464/fast"
/usr/bin/make -f CMakeFiles/cmTC_d1464.dir/build.make CMakeFiles/cmTC_d1464.dir/build
make[1]: Entering directory '/home/xiaojian/test/velodyne_driver/cmake-build-debug/CMakeFiles/CMakeTmp'
Building C object CMakeFiles/cmTC_d1464.dir/CheckFunctionExists.c.o
/usr/bin/cc   -DCHECK_FUNCTION_EXISTS=pthread_create   -o CMakeFiles/cmTC_d1464.dir/CheckFunctionExists.c.o   -c /home/xiaojian/tools/clion-2017.2.3/bin/cmake/share/cmake-3.8/Modules/CheckFunctionExists.c
Linking C executable cmTC_d1464
/home/xiaojian/tools/clion-2017.2.3/bin/cmake/bin/cmake -E cmake_link_script CMakeFiles/cmTC_d1464.dir/link.txt --verbose=1
/usr/bin/cc  -DCHECK_FUNCTION_EXISTS=pthread_create    -rdynamic CMakeFiles/cmTC_d1464.dir/CheckFunctionExists.c.o  -o cmTC_d1464 -lpthreads 
/usr/bin/ld: cannot find -lpthreads
collect2: error: ld returned 1 exit status
CMakeFiles/cmTC_d1464.dir/build.make:97: recipe for target 'cmTC_d1464' failed
make[1]: *** [cmTC_d1464] Error 1
make[1]: Leaving directory '/home/xiaojian/test/velodyne_driver/cmake-build-debug/CMakeFiles/CMakeTmp'
Makefile:126: recipe for target 'cmTC_d1464/fast' failed
make: *** [cmTC_d1464/fast] Error 2


