d:\2017\test\houghline_demo\houghline\houghline\x64\debug\vc120.pdb
d:\2017\test\houghline_demo\houghline\houghline\x64\debug\vc120.idb
d:\2017\test\houghline_demo\houghline\houghline\x64\debug\houghlinesdemo.obj
d:\2017\test\houghline_demo\houghline\x64\debug\houghline.pdb
d:\2017\test\houghline_demo\houghline\houghline\x64\debug\houghline.tlog\cl.command.1.tlog
d:\2017\test\houghline_demo\houghline\houghline\x64\debug\houghline.tlog\cl.read.1.tlog
d:\2017\test\houghline_demo\houghline\houghline\x64\debug\houghline.tlog\cl.write.1.tlog
d:\2017\test\houghline_demo\houghline\houghline\x64\debug\houghline.tlog\link-cvtres.read.1.tlog
d:\2017\test\houghline_demo\houghline\houghline\x64\debug\houghline.tlog\link-cvtres.write.1.tlog
d:\2017\test\houghline_demo\houghline\houghline\x64\debug\houghline.tlog\link-rc.read.1.tlog
d:\2017\test\houghline_demo\houghline\houghline\x64\debug\houghline.tlog\link-rc.write.1.tlog
d:\2017\test\houghline_demo\houghline\houghline\x64\debug\houghline.tlog\link.17264-cvtres.read.1.tlog
d:\2017\test\houghline_demo\houghline\houghline\x64\debug\houghline.tlog\link.17264-cvtres.write.1.tlog
d:\2017\test\houghline_demo\houghline\houghline\x64\debug\houghline.tlog\link.17264-rc.read.1.tlog
d:\2017\test\houghline_demo\houghline\houghline\x64\debug\houghline.tlog\link.17264-rc.write.1.tlog
d:\2017\test\houghline_demo\houghline\houghline\x64\debug\houghline.tlog\link.17264.read.1.tlog
d:\2017\test\houghline_demo\houghline\houghline\x64\debug\houghline.tlog\link.17264.write.1.tlog
d:\2017\test\houghline_demo\houghline\houghline\x64\debug\houghline.tlog\link.command.1.tlog
d:\2017\test\houghline_demo\houghline\houghline\x64\debug\houghline.tlog\link.read.1.tlog
d:\2017\test\houghline_demo\houghline\houghline\x64\debug\houghline.tlog\link.write.1.tlog
